[-8]
[-8][-15]
[-8][-15][23]
[-15][23]
[23]
[23][22]
[23][22][-9]
[23][22][-9][0]
[23][22][-9][0][-23]
[23][22][-9][0][-23][-1]
[23][22][-9][0][-23][-1][-17]
[23][22][-9][0][-23][-1][-17][-9]
[23][22][-9][0][-23][-1][-17][-9][30]
[23][22][-9][0][-23][-1][-17][-9][30][-46]
[23][22][-9][0][-23][-1][-17][-9][30][-46][-40]
[23][22][-9][0][-23][-1][-17][-9][30][-46][-40][34]
[23][22][-9][0][-23][-1][-17][-9][30][-46][-40][34][45]
[23][22][-9][0][-23][-1][-17][-9][30][-46][-40][34][45][35]
[23][22][-9][0][-23][-1][-17][-9][30][-46][-40][34][45][35][-30]
[23][22][-9][0][-23][-1][-17][-9][30][-46][-40][34][45][35][-30][47]
[23][22][-9][0][-23][-1][-17][-9][30][-46][-40][34][45][35][-30][47][-7]
[23][22][-9][0][-23][-1][-17][-9][30][-46][-40][34][45][35][-30][47][-7][37]
[23][22][-9][0][-23][-1][-17][-9][30][-46][-40][34][45][35][-30][47][-7][37][-15]
[23][22][-9][0][-23][-1][-17][-9][30][-46][-40][34][45][35][-30][47][-7][37][-15][16]
[23][22][-9][0][-23][-1][-17][-9][30][-46][-40][34][45][35][-30][47][-7][37][-15][16][-20]
[23][22][-9][0][-23][-1][-17][-9][30][-46][-40][34][45][35][-30][47][-7][37][-15][16][-20][-43]
[23][22][-9][0][-23][-1][-17][-9][30][-46][-40][34][45][35][-30][47][-7][37][-15][16][-20][-43][-46]
[23][22][-9][0][-23][-1][-17][-9][30][-46][-40][34][45][35][-30][47][-7][37][-15][16][-20][-43][-46][-49]
[23][22][-9][0][-23][-1][-17][-9][30][-46][-40][34][45][35][-30][47][-7][37][-15][16][-20][-43][-46][-49][-7]
[23][22][-9][0][-23][-1][-17][-9][30][-46][-40][34][45][35][-30][47][-7][37][-15][16][-20][-43][-46][-49][-7][26]
[23][22][-9][0][-23][-1][-17][-9][30][-46][-40][34][45][35][-30][47][-7][37][-15][16][-20][-43][-46][-49][-7][26][50]
[23][22][-9][0][-23][-1][-17][-9][30][-46][-40][34][45][35][-30][47][-7][37][-15][16][-20][-43][-46][-49][-7][26][50][-28]
[23][22][-9][0][-23][-1][-17][-9][30][-46][-40][34][45][35][-30][47][-7][37][-15][16][-20][-43][-46][-49][-7][26][50][-28][-47]
[23][22][-9][0][-23][-1][-17][-9][30][-46][-40][34][45][35][-30][47][-7][37][-15][16][-20][-43][-46][-49][-7][26][50][-28][-47][-22]
[23][22][-9][0][-23][-1][-17][-9][30][-46][-40][34][45][35][-30][47][-7][37][-15][16][-20][-43][-46][-49][-7][26][50][-28][-47][-22][-9]
[23][22][-9][0][-23][-1][-17][-9][30][-46][-40][34][45][35][-30][47][-7][37][-15][16][-20][-43][-46][-49][-7][26][50][-28][-47][-22][-9][21]
[23][22][-9][0][-23][-1][-17][-9][30][-46][-40][34][45][35][-30][47][-7][37][-15][16][-20][-43][-46][-49][-7][26][50][-28][-47][-22][-9][21][8]
[23][22][-9][0][-23][-1][-17][-9][30][-46][-40][34][45][35][-30][47][-7][37][-15][16][-20][-43][-46][-49][-7][26][50][-28][-47][-22][-9][21][8][-8]
[23][22][-9][0][-23][-1][-17][-9][30][-46][-40][34][45][35][-30][47][-7][37][-15][16][-20][-43][-46][-49][-7][26][50][-28][-47][-22][-9][21][8][-8][-47]
[23][22][-9][0][-23][-1][-17][-9][30][-46][-40][34][45][35][-30][47][-7][37][-15][16][-20][-43][-46][-49][-7][26][50][-28][-47][-22][-9][21][8][-8][-47][19]
[23][22][-9][0][-23][-1][-17][-9][30][-46][-40][34][45][35][-30][47][-7][37][-15][16][-20][-43][-46][-49][-7][26][50][-28][-47][-22][-9][21][8][-8][-47][19][31]
[23][22][-9][0][-23][-1][-17][-9][30][-46][-40][34][45][35][-30][47][-7][37][-15][16][-20][-43][-46][-49][-7][26][50][-28][-47][-22][-9][21][8][-8][-47][19][31][11]
[23][22][-9][0][-23][-1][-17][-9][30][-46][-40][34][45][35][-30][47][-7][37][-15][16][-20][-43][-46][-49][-7][26][50][-28][-47][-22][-9][21][8][-8][-47][19][31][11][30]
[23][22][-9][0][-23][-1][-17][-9][30][-46][-40][34][45][35][-30][47][-7][37][-15][16][-20][-43][-46][-49][-7][26][50][-28][-47][-22][-9][21][8][-8][-47][19][31][11][30][5]
[23][22][-9][0][-23][-1][-17][-9][30][-46][-40][34][45][35][-30][47][-7][37][-15][16][-20][-43][-46][-49][-7][26][50][-28][-47][-22][-9][21][8][-8][-47][19][31][11][30][5][-46]
[23][22][-9][0][-23][-1][-17][-9][30][-46][-40][34][45][35][-30][47][-7][37][-15][16][-20][-43][-46][-49][-7][26][50][-28][-47][-22][-9][21][8][-8][-47][19][31][11][30][5][-46][20]
[23][22][-9][0][-23][-1][-17][-9][30][-46][-40][34][45][35][-30][47][-7][37][-15][16][-20][-43][-46][-49][-7][26][50][-28][-47][-22][-9][21][8][-8][-47][19][31][11][30][5][-46][20][-49]
[23][22][-9][0][-23][-1][-17][-9][30][-46][-40][34][45][35][-30][47][-7][37][-15][16][-20][-43][-46][-49][-7][26][50][-28][-47][-22][-9][21][8][-8][-47][19][31][11][30][5][-46][20][-49][-10]
[23][22][-9][0][-23][-1][-17][-9][30][-46][-40][34][45][35][-30][47][-7][37][-15][16][-20][-43][-46][-49][-7][26][50][-28][-47][-22][-9][21][8][-8][-47][19][31][11][30][5][-46][20][-49][-10][38]
[23][22][-9][0][-23][-1][-17][-9][30][-46][-40][34][45][35][-30][47][-7][37][-15][16][-20][-43][-46][-49][-7][26][50][-28][-47][-22][-9][21][8][-8][-47][19][31][11][30][5][-46][20][-49][-10][38][42]
[23][22][-9][0][-23][-1][-17][-9][30][-46][-40][34][45][35][-30][47][-7][37][-15][16][-20][-43][-46][-49][-7][26][50][-28][-47][-22][-9][21][8][-8][-47][19][31][11][30][5][-46][20][-49][-10][38][42][-35]
[23][22][-9][0][-23][-1][-17][-9][30][-46][-40][34][45][35][-30][47][-7][37][-15][16][-20][-43][-46][-49][-7][26][50][-28][-47][-22][-9][21][8][-8][-47][19][31][11][30][5][-46][20][-49][-10][38][42][-35][-12]
[23][22][-9][0][-23][-1][-17][-9][30][-46][-40][34][45][35][-30][47][-7][37][-15][16][-20][-43][-46][-49][-7][26][50][-28][-47][-22][-9][21][8][-8][-47][19][31][11][30][5][-46][20][-49][-10][38][42][-35][-12][16]
[23][22][-9][0][-23][-1][-17][-9][30][-46][-40][34][45][35][-30][47][-7][37][-15][16][-20][-43][-46][-49][-7][26][50][-28][-47][-22][-9][21][8][-8][-47][19][31][11][30][5][-46][20][-49][-10][38][42][-35][-12][16][-3]
[23][22][-9][0][-23][-1][-17][-9][30][-46][-40][34][45][35][-30][47][-7][37][-15][16][-20][-43][-46][-49][-7][26][50][-28][-47][-22][-9][21][8][-8][-47][19][31][11][30][5][-46][20][-49][-10][38][42][-35][-12][16][-3][-32]
[23][22][-9][0][-23][-1][-17][-9][30][-46][-40][34][45][35][-30][47][-7][37][-15][16][-20][-43][-46][-49][-7][26][50][-28][-47][-22][-9][21][8][-8][-47][19][31][11][30][5][-46][20][-49][-10][38][42][-35][-12][16][-3][-32][41]
[23][22][-9][0][-23][-1][-17][-9][30][-46][-40][34][45][35][-30][47][-7][37][-15][16][-20][-43][-46][-49][-7][26][50][-28][-47][-22][-9][21][8][-8][-47][19][31][11][30][5][-46][20][-49][-10][38][42][-35][-12][16][-3][-32][41][-22]
[23][22][-9][0][-23][-1][-17][-9][30][-46][-40][34][45][35][-30][47][-7][37][-15][16][-20][-43][-46][-49][-7][26][50][-28][-47][-22][-9][21][8][-8][-47][19][31][11][30][5][-46][20][-49][-10][38][42][-35][-12][16][-3][-32][41][-22][-27]
[23][22][-9][0][-23][-1][-17][-9][30][-46][-40][34][45][35][-30][47][-7][37][-15][16][-20][-43][-46][-49][-7][26][50][-28][-47][-22][-9][21][8][-8][-47][19][31][11][30][5][-46][20][-49][-10][38][42][-35][-12][16][-3][-32][41][-22][-27][-13]
[23][22][-9][0][-23][-1][-17][-9][30][-46][-40][34][45][35][-30][47][-7][37][-15][16][-20][-43][-46][-49][-7][26][50][-28][-47][-22][-9][21][8][-8][-47][19][31][11][30][5][-46][20][-49][-10][38][42][-35][-12][16][-3][-32][41][-22][-27][-13][42]
[23][22][-9][0][-23][-1][-17][-9][30][-46][-40][34][45][35][-30][47][-7][37][-15][16][-20][-43][-46][-49][-7][26][50][-28][-47][-22][-9][21][8][-8][-47][19][31][11][30][5][-46][20][-49][-10][38][42][-35][-12][16][-3][-32][41][-22][-27][-13][42][33]
[23][22][-9][0][-23][-1][-17][-9][30][-46][-40][34][45][35][-30][47][-7][37][-15][16][-20][-43][-46][-49][-7][26][50][-28][-47][-22][-9][21][8][-8][-47][19][31][11][30][5][-46][20][-49][-10][38][42][-35][-12][16][-3][-32][41][-22][-27][-13][42][33][-30]
[23][22][-9][0][-23][-1][-17][-9][30][-46][-40][34][45][35][-30][47][-7][37][-15][16][-20][-43][-46][-49][-7][26][50][-28][-47][-22][-9][21][8][-8][-47][19][31][11][30][5][-46][20][-49][-10][38][42][-35][-12][16][-3][-32][41][-22][-27][-13][42][33][-30][-39]
[23][22][-9][0][-23][-1][-17][-9][30][-46][-40][34][45][35][-30][47][-7][37][-15][16][-20][-43][-46][-49][-7][26][50][-28][-47][-22][-9][21][8][-8][-47][19][31][11][30][5][-46][20][-49][-10][38][42][-35][-12][16][-3][-32][41][-22][-27][-13][42][33][-30][-39][0]
[23][22][-9][0][-23][-1][-17][-9][30][-46][-40][34][45][35][-30][47][-7][37][-15][16][-20][-43][-46][-49][-7][26][50][-28][-47][-22][-9][21][8][-8][-47][19][31][11][30][5][-46][20][-49][-10][38][42][-35][-12][16][-3][-32][41][-22][-27][-13][42][33][-30][-39][0][-20]
[23][22][-9][0][-23][-1][-17][-9][30][-46][-40][34][45][35][-30][47][-7][37][-15][16][-20][-43][-46][-49][-7][26][50][-28][-47][-22][-9][21][8][-8][-47][19][31][11][30][5][-46][20][-49][-10][38][42][-35][-12][16][-3][-32][41][-22][-27][-13][42][33][-30][-39][0][-20][40]
[23][22][-9][0][-23][-1][-17][-9][30][-46][-40][34][45][35][-30][47][-7][37][-15][16][-20][-43][-46][-49][-7][26][50][-28][-47][-22][-9][21][8][-8][-47][19][31][11][30][5][-46][20][-49][-10][38][42][-35][-12][16][-3][-32][41][-22][-27][-13][42][33][-30][-39][0][-20][40][0]
[23][22][-9][0][-23][-1][-17][-9][30][-46][-40][34][45][35][-30][47][-7][37][-15][16][-20][-43][-46][-49][-7][26][50][-28][-47][-22][-9][21][8][-8][-47][19][31][11][30][5][-46][20][-49][-10][38][42][-35][-12][16][-3][-32][41][-22][-27][-13][42][33][-30][-39][0][-20][40][0][-23]
[23][22][-9][0][-23][-1][-17][-9][30][-46][-40][34][45][35][-30][47][-7][37][-15][16][-20][-43][-46][-49][-7][26][50][-28][-47][-22][-9][21][8][-8][-47][19][31][11][30][5][-46][20][-49][-10][38][42][-35][-12][16][-3][-32][41][-22][-27][-13][42][33][-30][-39][0][-20][40][0][-23][-17]
[23][22][-9][0][-23][-1][-17][-9][30][-46][-40][34][45][35][-30][47][-7][37][-15][16][-20][-43][-46][-49][-7][26][50][-28][-47][-22][-9][21][8][-8][-47][19][31][11][30][5][-46][20][-49][-10][38][42][-35][-12][16][-3][-32][41][-22][-27][-13][42][33][-30][-39][0][-20][40][0][-23][-17][-26]
[23][22][-9][0][-23][-1][-17][-9][30][-46][-40][34][45][35][-30][47][-7][37][-15][16][-20][-43][-46][-49][-7][26][50][-28][-47][-22][-9][21][8][-8][-47][19][31][11][30][5][-46][20][-49][-10][38][42][-35][-12][16][-3][-32][41][-22][-27][-13][42][33][-30][-39][0][-20][40][0][-23][-17][-26][9]
[23][22][-9][0][-23][-1][-17][-9][30][-46][-40][34][45][35][-30][47][-7][37][-15][16][-20][-43][-46][-49][-7][26][50][-28][-47][-22][-9][21][8][-8][-47][19][31][11][30][5][-46][20][-49][-10][38][42][-35][-12][16][-3][-32][41][-22][-27][-13][42][33][-30][-39][0][-20][40][0][-23][-17][-26][9][49]
[23][22][-9][0][-23][-1][-17][-9][30][-46][-40][34][45][35][-30][47][-7][37][-15][16][-20][-43][-46][-49][-7][26][50][-28][-47][-22][-9][21][8][-8][-47][19][31][11][30][5][-46][20][-49][-10][38][42][-35][-12][16][-3][-32][41][-22][-27][-13][42][33][-30][-39][0][-20][40][0][-23][-17][-26][9][49][-13]
[23][22][-9][0][-23][-1][-17][-9][30][-46][-40][34][45][35][-30][47][-7][37][-15][16][-20][-43][-46][-49][-7][26][50][-28][-47][-22][-9][21][8][-8][-47][19][31][11][30][5][-46][20][-49][-10][38][42][-35][-12][16][-3][-32][41][-22][-27][-13][42][33][-30][-39][0][-20][40][0][-23][-17][-26][9][49][-13][16]
[23][22][-9][0][-23][-1][-17][-9][30][-46][-40][34][45][35][-30][47][-7][37][-15][16][-20][-43][-46][-49][-7][26][50][-28][-47][-22][-9][21][8][-8][-47][19][31][11][30][5][-46][20][-49][-10][38][42][-35][-12][16][-3][-32][41][-22][-27][-13][42][33][-30][-39][0][-20][40][0][-23][-17][-26][9][49][-13][16][18]
[23][22][-9][0][-23][-1][-17][-9][30][-46][-40][34][45][35][-30][47][-7][37][-15][16][-20][-43][-46][-49][-7][26][50][-28][-47][-22][-9][21][8][-8][-47][19][31][11][30][5][-46][20][-49][-10][38][42][-35][-12][16][-3][-32][41][-22][-27][-13][42][33][-30][-39][0][-20][40][0][-23][-17][-26][9][49][-13][16][18][-37]
[23][22][-9][0][-23][-1][-17][-9][30][-46][-40][34][45][35][-30][47][-7][37][-15][16][-20][-43][-46][-49][-7][26][50][-28][-47][-22][-9][21][8][-8][-47][19][31][11][30][5][-46][20][-49][-10][38][42][-35][-12][16][-3][-32][41][-22][-27][-13][42][33][-30][-39][0][-20][40][0][-23][-17][-26][9][49][-13][16][18][-37][26]
[23][22][-9][0][-23][-1][-17][-9][30][-46][-40][34][45][35][-30][47][-7][37][-15][16][-20][-43][-46][-49][-7][26][50][-28][-47][-22][-9][21][8][-8][-47][19][31][11][30][5][-46][20][-49][-10][38][42][-35][-12][16][-3][-32][41][-22][-27][-13][42][33][-30][-39][0][-20][40][0][-23][-17][-26][9][49][-13][16][18][-37][26][-7]
[23][22][-9][0][-23][-1][-17][-9][30][-46][-40][34][45][35][-30][47][-7][37][-15][16][-20][-43][-46][-49][-7][26][50][-28][-47][-22][-9][21][8][-8][-47][19][31][11][30][5][-46][20][-49][-10][38][42][-35][-12][16][-3][-32][41][-22][-27][-13][42][33][-30][-39][0][-20][40][0][-23][-17][-26][9][49][-13][16][18][-37][26][-7][-23]
[23][22][-9][0][-23][-1][-17][-9][30][-46][-40][34][45][35][-30][47][-7][37][-15][16][-20][-43][-46][-49][-7][26][50][-28][-47][-22][-9][21][8][-8][-47][19][31][11][30][5][-46][20][-49][-10][38][42][-35][-12][16][-3][-32][41][-22][-27][-13][42][33][-30][-39][0][-20][40][0][-23][-17][-26][9][49][-13][16][18][-37][26][-7][-23][32]
[23][22][-9][0][-23][-1][-17][-9][30][-46][-40][34][45][35][-30][47][-7][37][-15][16][-20][-43][-46][-49][-7][26][50][-28][-47][-22][-9][21][8][-8][-47][19][31][11][30][5][-46][20][-49][-10][38][42][-35][-12][16][-3][-32][41][-22][-27][-13][42][33][-30][-39][0][-20][40][0][-23][-17][-26][9][49][-13][16][18][-37][26][-7][-23][32][0]
[23][22][-9][0][-23][-1][-17][-9][30][-46][-40][34][45][35][-30][47][-7][37][-15][16][-20][-43][-46][-49][-7][26][50][-28][-47][-22][-9][21][8][-8][-47][19][31][11][30][5][-46][20][-49][-10][38][42][-35][-12][16][-3][-32][41][-22][-27][-13][42][33][-30][-39][0][-20][40][0][-23][-17][-26][9][49][-13][16][18][-37][26][-7][-23][32][0][-7]
[23][22][-9][0][-23][-1][-17][-9][30][-46][-40][34][45][35][-30][47][-7][37][-15][16][-20][-43][-46][-49][-7][26][50][-28][-47][-22][-9][21][8][-8][-47][19][31][11][30][5][-46][20][-49][-10][38][42][-35][-12][16][-3][-32][41][-22][-27][-13][42][33][-30][-39][0][-20][40][0][-23][-17][-26][9][49][-13][16][18][-37][26][-7][-23][32][0][-7][1]
[23][22][-9][0][-23][-1][-17][-9][30][-46][-40][34][45][35][-30][47][-7][37][-15][16][-20][-43][-46][-49][-7][26][50][-28][-47][-22][-9][21][8][-8][-47][19][31][11][30][5][-46][20][-49][-10][38][42][-35][-12][16][-3][-32][41][-22][-27][-13][42][33][-30][-39][0][-20][40][0][-23][-17][-26][9][49][-13][16][18][-37][26][-7][-23][32][0][-7][1][0]
[23][22][-9][0][-23][-1][-17][-9][30][-46][-40][34][45][35][-30][47][-7][37][-15][16][-20][-43][-46][-49][-7][26][50][-28][-47][-22][-9][21][8][-8][-47][19][31][11][30][5][-46][20][-49][-10][38][42][-35][-12][16][-3][-32][41][-22][-27][-13][42][33][-30][-39][0][-20][40][0][-23][-17][-26][9][49][-13][16][18][-37][26][-7][-23][32][0][-7][1][0][5]
[23][22][-9][0][-23][-1][-17][-9][30][-46][-40][34][45][35][-30][47][-7][37][-15][16][-20][-43][-46][-49][-7][26][50][-28][-47][-22][-9][21][8][-8][-47][19][31][11][30][5][-46][20][-49][-10][38][42][-35][-12][16][-3][-32][41][-22][-27][-13][42][33][-30][-39][0][-20][40][0][-23][-17][-26][9][49][-13][16][18][-37][26][-7][-23][32][0][-7][1][0][5][-14]
[23][22][-9][0][-23][-1][-17][-9][30][-46][-40][34][45][35][-30][47][-7][37][-15][16][-20][-43][-46][-49][-7][26][50][-28][-47][-22][-9][21][8][-8][-47][19][31][11][30][5][-46][20][-49][-10][38][42][-35][-12][16][-3][-32][41][-22][-27][-13][42][33][-30][-39][0][-20][40][0][-23][-17][-26][9][49][-13][16][18][-37][26][-7][-23][32][0][-7][1][0][5][-14][-29]
[23][22][-9][0][-23][-1][-17][-9][30][-46][-40][34][45][35][-30][47][-7][37][-15][16][-20][-43][-46][-49][-7][26][50][-28][-47][-22][-9][21][8][-8][-47][19][31][11][30][5][-46][20][-49][-10][38][42][-35][-12][16][-3][-32][41][-22][-27][-13][42][33][-30][-39][0][-20][40][0][-23][-17][-26][9][49][-13][16][18][-37][26][-7][-23][32][0][-7][1][0][5][-14][-29][44]
[23][22][-9][0][-23][-1][-17][-9][30][-46][-40][34][45][35][-30][47][-7][37][-15][16][-20][-43][-46][-49][-7][26][50][-28][-47][-22][-9][21][8][-8][-47][19][31][11][30][5][-46][20][-49][-10][38][42][-35][-12][16][-3][-32][41][-22][-27][-13][42][33][-30][-39][0][-20][40][0][-23][-17][-26][9][49][-13][16][18][-37][26][-7][-23][32][0][-7][1][0][5][-14][-29][44][17]
[23][22][-9][0][-23][-1][-17][-9][30][-46][-40][34][45][35][-30][47][-7][37][-15][16][-20][-43][-46][-49][-7][26][50][-28][-47][-22][-9][21][8][-8][-47][19][31][11][30][5][-46][20][-49][-10][38][42][-35][-12][16][-3][-32][41][-22][-27][-13][42][33][-30][-39][0][-20][40][0][-23][-17][-26][9][49][-13][16][18][-37][26][-7][-23][32][0][-7][1][0][5][-14][-29][44][17][4]
[23][22][-9][0][-23][-1][-17][-9][30][-46][-40][34][45][35][-30][47][-7][37][-15][16][-20][-43][-46][-49][-7][26][50][-28][-47][-22][-9][21][8][-8][-47][19][31][11][30][5][-46][20][-49][-10][38][42][-35][-12][16][-3][-32][41][-22][-27][-13][42][33][-30][-39][0][-20][40][0][-23][-17][-26][9][49][-13][16][18][-37][26][-7][-23][32][0][-7][1][0][5][-14][-29][44][17][4][-1]
[23][22][-9][0][-23][-1][-17][-9][30][-46][-40][34][45][35][-30][47][-7][37][-15][16][-20][-43][-46][-49][-7][26][50][-28][-47][-22][-9][21][8][-8][-47][19][31][11][30][5][-46][20][-49][-10][38][42][-35][-12][16][-3][-32][41][-22][-27][-13][42][33][-30][-39][0][-20][40][0][-23][-17][-26][9][49][-13][16][18][-37][26][-7][-23][32][0][-7][1][0][5][-14][-29][44][17][4][-1][-14]
[23][22][-9][0][-23][-1][-17][-9][30][-46][-40][34][45][35][-30][47][-7][37][-15][16][-20][-43][-46][-49][-7][26][50][-28][-47][-22][-9][21][8][-8][-47][19][31][11][30][5][-46][20][-49][-10][38][42][-35][-12][16][-3][-32][41][-22][-27][-13][42][33][-30][-39][0][-20][40][0][-23][-17][-26][9][49][-13][16][18][-37][26][-7][-23][32][0][-7][1][0][5][-14][-29][44][17][4][-1][-14][-29]
[23][22][-9][0][-23][-1][-17][-9][30][-46][-40][34][45][35][-30][47][-7][37][-15][16][-20][-43][-46][-49][-7][26][50][-28][-47][-22][-9][21][8][-8][-47][19][31][11][30][5][-46][20][-49][-10][38][42][-35][-12][16][-3][-32][41][-22][-27][-13][42][33][-30][-39][0][-20][40][0][-23][-17][-26][9][49][-13][16][18][-37][26][-7][-23][32][0][-7][1][0][5][-14][-29][44][17][4][-1][-14][-29][-18]
[23][22][-9][0][-23][-1][-17][-9][30][-46][-40][34][45][35][-30][47][-7][37][-15][16][-20][-43][-46][-49][-7][26][50][-28][-47][-22][-9][21][8][-8][-47][19][31][11][30][5][-46][20][-49][-10][38][42][-35][-12][16][-3][-32][41][-22][-27][-13][42][33][-30][-39][0][-20][40][0][-23][-17][-26][9][49][-13][16][18][-37][26][-7][-23][32][0][-7][1][0][5][-14][-29][44][17][4][-1][-14][-29][-18][-48]
[23][22][-9][0][-23][-1][-17][-9][30][-46][-40][34][45][35][-30][47][-7][37][-15][16][-20][-43][-46][-49][-7][26][50][-28][-47][-22][-9][21][8][-8][-47][19][31][11][30][5][-46][20][-49][-10][38][42][-35][-12][16][-3][-32][41][-22][-27][-13][42][33][-30][-39][0][-20][40][0][-23][-17][-26][9][49][-13][16][18][-37][26][-7][-23][32][0][-7][1][0][5][-14][-29][44][17][4][-1][-14][-29][-18][-48][-16]
[23][22][-9][0][-23][-1][-17][-9][30][-46][-40][34][45][35][-30][47][-7][37][-15][16][-20][-43][-46][-49][-7][26][50][-28][-47][-22][-9][21][8][-8][-47][19][31][11][30][5][-46][20][-49][-10][38][42][-35][-12][16][-3][-32][41][-22][-27][-13][42][33][-30][-39][0][-20][40][0][-23][-17][-26][9][49][-13][16][18][-37][26][-7][-23][32][0][-7][1][0][5][-14][-29][44][17][4][-1][-14][-29][-18][-48][-16][10]
[23][22][-9][0][-23][-1][-17][-9][30][-46][-40][34][45][35][-30][47][-7][37][-15][16][-20][-43][-46][-49][-7][26][50][-28][-47][-22][-9][21][8][-8][-47][19][31][11][30][5][-46][20][-49][-10][38][42][-35][-12][16][-3][-32][41][-22][-27][-13][42][33][-30][-39][0][-20][40][0][-23][-17][-26][9][49][-13][16][18][-37][26][-7][-23][32][0][-7][1][0][5][-14][-29][44][17][4][-1][-14][-29][-18][-48][-16][10][7]
[23][22][-9][0][-23][-1][-17][-9][30][-46][-40][34][45][35][-30][47][-7][37][-15][16][-20][-43][-46][-49][-7][26][50][-28][-47][-22][-9][21][8][-8][-47][19][31][11][30][5][-46][20][-49][-10][38][42][-35][-12][16][-3][-32][41][-22][-27][-13][42][33][-30][-39][0][-20][40][0][-23][-17][-26][9][49][-13][16][18][-37][26][-7][-23][32][0][-7][1][0][5][-14][-29][44][17][4][-1][-14][-29][-18][-48][-16][10][7][-48]
[23][22][-9][0][-23][-1][-17][-9][30][-46][-40][34][45][35][-30][47][-7][37][-15][16][-20][-43][-46][-49][-7][26][50][-28][-47][-22][-9][21][8][-8][-47][19][31][11][30][5][-46][20][-49][-10][38][42][-35][-12][16][-3][-32][41][-22][-27][-13][42][33][-30][-39][0][-20][40][0][-23][-17][-26][9][49][-13][16][18][-37][26][-7][-23][32][0][-7][1][0][5][-14][-29][44][17][4][-1][-14][-29][-18][-48][-16][10][7][-48][37]
[23][22][-9][0][-23][-1][-17][-9][30][-46][-40][34][45][35][-30][47][-7][37][-15][16][-20][-43][-46][-49][-7][26][50][-28][-47][-22][-9][21][8][-8][-47][19][31][11][30][5][-46][20][-49][-10][38][42][-35][-12][16][-3][-32][41][-22][-27][-13][42][33][-30][-39][0][-20][40][0][-23][-17][-26][9][49][-13][16][18][-37][26][-7][-23][32][0][-7][1][0][5][-14][-29][44][17][4][-1][-14][-29][-18][-48][-16][10][7][-48][37][18]
[23][22][-9][0][-23][-1][-17][-9][30][-46][-40][34][45][35][-30][47][-7][37][-15][16][-20][-43][-46][-49][-7][26][50][-28][-47][-22][-9][21][8][-8][-47][19][31][11][30][5][-46][20][-49][-10][38][42][-35][-12][16][-3][-32][41][-22][-27][-13][42][33][-30][-39][0][-20][40][0][-23][-17][-26][9][49][-13][16][18][-37][26][-7][-23][32][0][-7][1][0][5][-14][-29][44][17][4][-1][-14][-29][-18][-48][-16][10][7][-48][37][18][17]
[23][22][-9][0][-23][-1][-17][-9][30][-46][-40][34][45][35][-30][47][-7][37][-15][16][-20][-43][-46][-49][-7][26][50][-28][-47][-22][-9][21][8][-8][-47][19][31][11][30][5][-46][20][-49][-10][38][42][-35][-12][16][-3][-32][41][-22][-27][-13][42][33][-30][-39][0][-20][40][0][-23][-17][-26][9][49][-13][16][18][-37][26][-7][-23][32][0][-7][1][0][5][-14][-29][44][17][4][-1][-14][-29][-18][-48][-16][10][7][-48][37][18][17][-29]
[23][22][-9][0][-23][-1][-17][-9][30][-46][-40][34][45][35][-30][47][-7][37][-15][16][-20][-43][-46][-49][-7][26][50][-28][-47][-22][-9][21][8][-8][-47][19][31][11][30][5][-46][20][-49][-10][38][42][-35][-12][16][-3][-32][41][-22][-27][-13][42][33][-30][-39][0][-20][40][0][-23][-17][-26][9][49][-13][16][18][-37][26][-7][-23][32][0][-7][1][0][5][-14][-29][44][17][4][-1][-14][-29][-18][-48][-16][10][7][-48][37][18][17][-29][26]
[23][22][-9][0][-23][-1][-17][-9][30][-46][-40][34][45][35][-30][47][-7][37][-15][16][-20][-43][-46][-49][-7][26][50][-28][-47][-22][-9][21][8][-8][-47][19][31][11][30][5][-46][20][-49][-10][38][42][-35][-12][16][-3][-32][41][-22][-27][-13][42][33][-30][-39][0][-20][40][0][-23][-17][-26][9][49][-13][16][18][-37][26][-7][-23][32][0][-7][1][0][5][-14][-29][44][17][4][-1][-14][-29][-18][-48][-16][10][7][-48][37][18][17][-29][26][-39]
[23][22][-9][0][-23][-1][-17][-9][30][-46][-40][34][45][35][-30][47][-7][37][-15][16][-20][-43][-46][-49][-7][26][50][-28][-47][-22][-9][21][8][-8][-47][19][31][11][30][5][-46][20][-49][-10][38][42][-35][-12][16][-3][-32][41][-22][-27][-13][42][33][-30][-39][0][-20][40][0][-23][-17][-26][9][49][-13][16][18][-37][26][-7][-23][32][0][-7][1][0][5][-14][-29][44][17][4][-1][-14][-29][-18][-48][-16][10][7][-48][37][18][17][-29][26][-39][-37]
[23][22][-9][0][-23][-1][-17][-9][30][-46][-40][34][45][35][-30][47][-7][37][-15][16][-20][-43][-46][-49][-7][26][50][-28][-47][-22][-9][21][8][-8][-47][19][31][11][30][5][-46][20][-49][-10][38][42][-35][-12][16][-3][-32][41][-22][-27][-13][42][33][-30][-39][0][-20][40][0][-23][-17][-26][9][49][-13][16][18][-37][26][-7][-23][32][0][-7][1][0][5][-14][-29][44][17][4][-1][-14][-29][-18][-48][-16][10][7][-48][37][18][17][-29][26][-39][-37][15]
[23][22][-9][0][-23][-1][-17][-9][30][-46][-40][34][45][35][-30][47][-7][37][-15][16][-20][-43][-46][-49][-7][26][50][-28][-47][-22][-9][21][8][-8][-47][19][31][11][30][5][-46][20][-49][-10][38][42][-35][-12][16][-3][-32][41][-22][-27][-13][42][33][-30][-39][0][-20][40][0][-23][-17][-26][9][49][-13][16][18][-37][26][-7][-23][32][0][-7][1][0][5][-14][-29][44][17][4][-1][-14][-29][-18][-48][-16][10][7][-48][37][18][17][-29][26][-39][-37][15][32]
[23][22][-9][0][-23][-1][-17][-9][30][-46][-40][34][45][35][-30][47][-7][37][-15][16][-20][-43][-46][-49][-7][26][50][-28][-47][-22][-9][21][8][-8][-47][19][31][11][30][5][-46][20][-49][-10][38][42][-35][-12][16][-3][-32][41][-22][-27][-13][42][33][-30][-39][0][-20][40][0][-23][-17][-26][9][49][-13][16][18][-37][26][-7][-23][32][0][-7][1][0][5][-14][-29][44][17][4][-1][-14][-29][-18][-48][-16][10][7][-48][37][18][17][-29][26][-39][-37][15][32][-8]
[23][22][-9][0][-23][-1][-17][-9][30][-46][-40][34][45][35][-30][47][-7][37][-15][16][-20][-43][-46][-49][-7][26][50][-28][-47][-22][-9][21][8][-8][-47][19][31][11][30][5][-46][20][-49][-10][38][42][-35][-12][16][-3][-32][41][-22][-27][-13][42][33][-30][-39][0][-20][40][0][-23][-17][-26][9][49][-13][16][18][-37][26][-7][-23][32][0][-7][1][0][5][-14][-29][44][17][4][-1][-14][-29][-18][-48][-16][10][7][-48][37][18][17][-29][26][-39][-37][15][32][-8][24]
[23][22][-9][0][-23][-1][-17][-9][30][-46][-40][34][45][35][-30][47][-7][37][-15][16][-20][-43][-46][-49][-7][26][50][-28][-47][-22][-9][21][8][-8][-47][19][31][11][30][5][-46][20][-49][-10][38][42][-35][-12][16][-3][-32][41][-22][-27][-13][42][33][-30][-39][0][-20][40][0][-23][-17][-26][9][49][-13][16][18][-37][26][-7][-23][32][0][-7][1][0][5][-14][-29][44][17][4][-1][-14][-29][-18][-48][-16][10][7][-48][37][18][17][-29][26][-39][-37][15][32][-8][24][0]
[23][22][-9][0][-23][-1][-17][-9][30][-46][-40][34][45][35][-30][47][-7][37][-15][16][-20][-43][-46][-49][-7][26][50][-28][-47][-22][-9][21][8][-8][-47][19][31][11][30][5][-46][20][-49][-10][38][42][-35][-12][16][-3][-32][41][-22][-27][-13][42][33][-30][-39][0][-20][40][0][-23][-17][-26][9][49][-13][16][18][-37][26][-7][-23][32][0][-7][1][0][5][-14][-29][44][17][4][-1][-14][-29][-18][-48][-16][10][7][-48][37][18][17][-29][26][-39][-37][15][32][-8][24][0][-41]
[23][22][-9][0][-23][-1][-17][-9][30][-46][-40][34][45][35][-30][47][-7][37][-15][16][-20][-43][-46][-49][-7][26][50][-28][-47][-22][-9][21][8][-8][-47][19][31][11][30][5][-46][20][-49][-10][38][42][-35][-12][16][-3][-32][41][-22][-27][-13][42][33][-30][-39][0][-20][40][0][-23][-17][-26][9][49][-13][16][18][-37][26][-7][-23][32][0][-7][1][0][5][-14][-29][44][17][4][-1][-14][-29][-18][-48][-16][10][7][-48][37][18][17][-29][26][-39][-37][15][32][-8][24][0][-41][-40]
[23][22][-9][0][-23][-1][-17][-9][30][-46][-40][34][45][35][-30][47][-7][37][-15][16][-20][-43][-46][-49][-7][26][50][-28][-47][-22][-9][21][8][-8][-47][19][31][11][30][5][-46][20][-49][-10][38][42][-35][-12][16][-3][-32][41][-22][-27][-13][42][33][-30][-39][0][-20][40][0][-23][-17][-26][9][49][-13][16][18][-37][26][-7][-23][32][0][-7][1][0][5][-14][-29][44][17][4][-1][-14][-29][-18][-48][-16][10][7][-48][37][18][17][-29][26][-39][-37][15][32][-8][24][0][-41][-40][-20]
[23][22][-9][0][-23][-1][-17][-9][30][-46][-40][34][45][35][-30][47][-7][37][-15][16][-20][-43][-46][-49][-7][26][50][-28][-47][-22][-9][21][8][-8][-47][19][31][11][30][5][-46][20][-49][-10][38][42][-35][-12][16][-3][-32][41][-22][-27][-13][42][33][-30][-39][0][-20][40][0][-23][-17][-26][9][49][-13][16][18][-37][26][-7][-23][32][0][-7][1][0][5][-14][-29][44][17][4][-1][-14][-29][-18][-48][-16][10][7][-48][37][18][17][-29][26][-39][-37][15][32][-8][24][0][-41][-40][-20][39]
[23][22][-9][0][-23][-1][-17][-9][30][-46][-40][34][45][35][-30][47][-7][37][-15][16][-20][-43][-46][-49][-7][26][50][-28][-47][-22][-9][21][8][-8][-47][19][31][11][30][5][-46][20][-49][-10][38][42][-35][-12][16][-3][-32][41][-22][-27][-13][42][33][-30][-39][0][-20][40][0][-23][-17][-26][9][49][-13][16][18][-37][26][-7][-23][32][0][-7][1][0][5][-14][-29][44][17][4][-1][-14][-29][-18][-48][-16][10][7][-48][37][18][17][-29][26][-39][-37][15][32][-8][24][0][-41][-40][-20][39][36]
[23][22][-9][0][-23][-1][-17][-9][30][-46][-40][34][45][35][-30][47][-7][37][-15][16][-20][-43][-46][-49][-7][26][50][-28][-47][-22][-9][21][8][-8][-47][19][31][11][30][5][-46][20][-49][-10][38][42][-35][-12][16][-3][-32][41][-22][-27][-13][42][33][-30][-39][0][-20][40][0][-23][-17][-26][9][49][-13][16][18][-37][26][-7][-23][32][0][-7][1][0][5][-14][-29][44][17][4][-1][-14][-29][-18][-48][-16][10][7][-48][37][18][17][-29][26][-39][-37][15][32][-8][24][0][-41][-40][-20][39][36][-21]
[23][22][-9][0][-23][-1][-17][-9][30][-46][-40][34][45][35][-30][47][-7][37][-15][16][-20][-43][-46][-49][-7][26][50][-28][-47][-22][-9][21][8][-8][-47][19][31][11][30][5][-46][20][-49][-10][38][42][-35][-12][16][-3][-32][41][-22][-27][-13][42][33][-30][-39][0][-20][40][0][-23][-17][-26][9][49][-13][16][18][-37][26][-7][-23][32][0][-7][1][0][5][-14][-29][44][17][4][-1][-14][-29][-18][-48][-16][10][7][-48][37][18][17][-29][26][-39][-37][15][32][-8][24][0][-41][-40][-20][39][36][-21][50]
[23][22][-9][0][-23][-1][-17][-9][30][-46][-40][34][45][35][-30][47][-7][37][-15][16][-20][-43][-46][-49][-7][26][50][-28][-47][-22][-9][21][8][-8][-47][19][31][11][30][5][-46][20][-49][-10][38][42][-35][-12][16][-3][-32][41][-22][-27][-13][42][33][-30][-39][0][-20][40][0][-23][-17][-26][9][49][-13][16][18][-37][26][-7][-23][32][0][-7][1][0][5][-14][-29][44][17][4][-1][-14][-29][-18][-48][-16][10][7][-48][37][18][17][-29][26][-39][-37][15][32][-8][24][0][-41][-40][-20][39][36][-21][50][36]
[23][22][-9][0][-23][-1][-17][-9][30][-46][-40][34][45][35][-30][47][-7][37][-15][16][-20][-43][-46][-49][-7][26][50][-28][-47][-22][-9][21][8][-8][-47][19][31][11][30][5][-46][20][-49][-10][38][42][-35][-12][16][-3][-32][41][-22][-27][-13][42][33][-30][-39][0][-20][40][0][-23][-17][-26][9][49][-13][16][18][-37][26][-7][-23][32][0][-7][1][0][5][-14][-29][44][17][4][-1][-14][-29][-18][-48][-16][10][7][-48][37][18][17][-29][26][-39][-37][15][32][-8][24][0][-41][-40][-20][39][36][-21][50][36][-36]
[23][22][-9][0][-23][-1][-17][-9][30][-46][-40][34][45][35][-30][47][-7][37][-15][16][-20][-43][-46][-49][-7][26][50][-28][-47][-22][-9][21][8][-8][-47][19][31][11][30][5][-46][20][-49][-10][38][42][-35][-12][16][-3][-32][41][-22][-27][-13][42][33][-30][-39][0][-20][40][0][-23][-17][-26][9][49][-13][16][18][-37][26][-7][-23][32][0][-7][1][0][5][-14][-29][44][17][4][-1][-14][-29][-18][-48][-16][10][7][-48][37][18][17][-29][26][-39][-37][15][32][-8][24][0][-41][-40][-20][39][36][-21][50][36][-36][2]
[23][22][-9][0][-23][-1][-17][-9][30][-46][-40][34][45][35][-30][47][-7][37][-15][16][-20][-43][-46][-49][-7][26][50][-28][-47][-22][-9][21][8][-8][-47][19][31][11][30][5][-46][20][-49][-10][38][42][-35][-12][16][-3][-32][41][-22][-27][-13][42][33][-30][-39][0][-20][40][0][-23][-17][-26][9][49][-13][16][18][-37][26][-7][-23][32][0][-7][1][0][5][-14][-29][44][17][4][-1][-14][-29][-18][-48][-16][10][7][-48][37][18][17][-29][26][-39][-37][15][32][-8][24][0][-41][-40][-20][39][36][-21][50][36][-36][2][22]
[23][22][-9][0][-23][-1][-17][-9][30][-46][-40][34][45][35][-30][47][-7][37][-15][16][-20][-43][-46][-49][-7][26][50][-28][-47][-22][-9][21][8][-8][-47][19][31][11][30][5][-46][20][-49][-10][38][42][-35][-12][16][-3][-32][41][-22][-27][-13][42][33][-30][-39][0][-20][40][0][-23][-17][-26][9][49][-13][16][18][-37][26][-7][-23][32][0][-7][1][0][5][-14][-29][44][17][4][-1][-14][-29][-18][-48][-16][10][7][-48][37][18][17][-29][26][-39][-37][15][32][-8][24][0][-41][-40][-20][39][36][-21][50][36][-36][2][22][8]
[23][22][-9][0][-23][-1][-17][-9][30][-46][-40][34][45][35][-30][47][-7][37][-15][16][-20][-43][-46][-49][-7][26][50][-28][-47][-22][-9][21][8][-8][-47][19][31][11][30][5][-46][20][-49][-10][38][42][-35][-12][16][-3][-32][41][-22][-27][-13][42][33][-30][-39][0][-20][40][0][-23][-17][-26][9][49][-13][16][18][-37][26][-7][-23][32][0][-7][1][0][5][-14][-29][44][17][4][-1][-14][-29][-18][-48][-16][10][7][-48][37][18][17][-29][26][-39][-37][15][32][-8][24][0][-41][-40][-20][39][36][-21][50][36][-36][2][22][8][15]
[23][22][-9][0][-23][-1][-17][-9][30][-46][-40][34][45][35][-30][47][-7][37][-15][16][-20][-43][-46][-49][-7][26][50][-28][-47][-22][-9][21][8][-8][-47][19][31][11][30][5][-46][20][-49][-10][38][42][-35][-12][16][-3][-32][41][-22][-27][-13][42][33][-30][-39][0][-20][40][0][-23][-17][-26][9][49][-13][16][18][-37][26][-7][-23][32][0][-7][1][0][5][-14][-29][44][17][4][-1][-14][-29][-18][-48][-16][10][7][-48][37][18][17][-29][26][-39][-37][15][32][-8][24][0][-41][-40][-20][39][36][-21][50][36][-36][2][22][8][15][-5]
[23][22][-9][0][-23][-1][-17][-9][30][-46][-40][34][45][35][-30][47][-7][37][-15][16][-20][-43][-46][-49][-7][26][50][-28][-47][-22][-9][21][8][-8][-47][19][31][11][30][5][-46][20][-49][-10][38][42][-35][-12][16][-3][-32][41][-22][-27][-13][42][33][-30][-39][0][-20][40][0][-23][-17][-26][9][49][-13][16][18][-37][26][-7][-23][32][0][-7][1][0][5][-14][-29][44][17][4][-1][-14][-29][-18][-48][-16][10][7][-48][37][18][17][-29][26][-39][-37][15][32][-8][24][0][-41][-40][-20][39][36][-21][50][36][-36][2][22][8][15][-5][29]
[23][22][-9][0][-23][-1][-17][-9][30][-46][-40][34][45][35][-30][47][-7][37][-15][16][-20][-43][-46][-49][-7][26][50][-28][-47][-22][-9][21][8][-8][-47][19][31][11][30][5][-46][20][-49][-10][38][42][-35][-12][16][-3][-32][41][-22][-27][-13][42][33][-30][-39][0][-20][40][0][-23][-17][-26][9][49][-13][16][18][-37][26][-7][-23][32][0][-7][1][0][5][-14][-29][44][17][4][-1][-14][-29][-18][-48][-16][10][7][-48][37][18][17][-29][26][-39][-37][15][32][-8][24][0][-41][-40][-20][39][36][-21][50][36][-36][2][22][8][15][-5][29][0]
[23][22][-9][0][-23][-1][-17][-9][30][-46][-40][34][45][35][-30][47][-7][37][-15][16][-20][-43][-46][-49][-7][26][50][-28][-47][-22][-9][21][8][-8][-47][19][31][11][30][5][-46][20][-49][-10][38][42][-35][-12][16][-3][-32][41][-22][-27][-13][42][33][-30][-39][0][-20][40][0][-23][-17][-26][9][49][-13][16][18][-37][26][-7][-23][32][0][-7][1][0][5][-14][-29][44][17][4][-1][-14][-29][-18][-48][-16][10][7][-48][37][18][17][-29][26][-39][-37][15][32][-8][24][0][-41][-40][-20][39][36][-21][50][36][-36][2][22][8][15][-5][29][0][37]
[23][22][-9][0][-23][-1][-17][-9][30][-46][-40][34][45][35][-30][47][-7][37][-15][16][-20][-43][-46][-49][-7][26][50][-28][-47][-22][-9][21][8][-8][-47][19][31][11][30][5][-46][20][-49][-10][38][42][-35][-12][16][-3][-32][41][-22][-27][-13][42][33][-30][-39][0][-20][40][0][-23][-17][-26][9][49][-13][16][18][-37][26][-7][-23][32][0][-7][1][0][5][-14][-29][44][17][4][-1][-14][-29][-18][-48][-16][10][7][-48][37][18][17][-29][26][-39][-37][15][32][-8][24][0][-41][-40][-20][39][36][-21][50][36][-36][2][22][8][15][-5][29][0][37][48]
[23][22][-9][0][-23][-1][-17][-9][30][-46][-40][34][45][35][-30][47][-7][37][-15][16][-20][-43][-46][-49][-7][26][50][-28][-47][-22][-9][21][8][-8][-47][19][31][11][30][5][-46][20][-49][-10][38][42][-35][-12][16][-3][-32][41][-22][-27][-13][42][33][-30][-39][0][-20][40][0][-23][-17][-26][9][49][-13][16][18][-37][26][-7][-23][32][0][-7][1][0][5][-14][-29][44][17][4][-1][-14][-29][-18][-48][-16][10][7][-48][37][18][17][-29][26][-39][-37][15][32][-8][24][0][-41][-40][-20][39][36][-21][50][36][-36][2][22][8][15][-5][29][0][37][48][23]
[23][22][-9][0][-23][-1][-17][-9][30][-46][-40][34][45][35][-30][47][-7][37][-15][16][-20][-43][-46][-49][-7][26][50][-28][-47][-22][-9][21][8][-8][-47][19][31][11][30][5][-46][20][-49][-10][38][42][-35][-12][16][-3][-32][41][-22][-27][-13][42][33][-30][-39][0][-20][40][0][-23][-17][-26][9][49][-13][16][18][-37][26][-7][-23][32][0][-7][1][0][5][-14][-29][44][17][4][-1][-14][-29][-18][-48][-16][10][7][-48][37][18][17][-29][26][-39][-37][15][32][-8][24][0][-41][-40][-20][39][36][-21][50][36][-36][2][22][8][15][-5][29][0][37][48][23][47]
